<?xml version="1.0" ?>
<testsuite name="TestUnaligned-20220811010712" tests="2" time="0.010" failures="0" errors="0">
	<testcase classname="TestUnaligned" name="test_aligned" time="0.006"/>
	<testcase classname="TestUnaligned" name="test_unaligned" time="0.004"/>
	<system-out><![CDATA[]]></system-out>
	<system-err><![CDATA[]]></system-err>
</testsuite>
